2020-04-25T19:25:24.580Z - normal: Load ~/.CocosCreator/settings.json
2020-04-25T19:25:24.620Z - normal: Initializing Asset Database
2020-04-25T19:25:24.623Z - normal: checking language setting...
2020-04-25T19:25:24.623Z - normal: Language: zh
2020-04-25T19:25:25.040Z - success: preview server running at http://localhost:7456
2020-04-25T19:25:25.056Z - success: protocol editor-framework registered
2020-04-25T19:25:25.056Z - success: protocol app registered
2020-04-25T19:25:25.056Z - success: protocol theme registered
2020-04-25T19:25:25.057Z - success: protocol packages registered
2020-04-25T19:25:25.057Z - success: protocol uuid registerred
2020-04-25T19:25:25.057Z - success: protocol db registerred
2020-04-25T19:25:25.057Z - success: protocol thumbnail registerred
2020-04-25T19:25:25.057Z - success: protocol unpack registerred
2020-04-25T19:25:25.057Z - success: protocol disable-commonjs registerred
2020-04-25T19:25:25.155Z - normal: connected!
2020-04-25T19:25:25.156Z - normal: Check project /Users/nancy.shi/Documents/Cocos/Project_Y
2020-04-25T19:25:25.157Z - normal: Initializing project /Users/nancy.shi/Documents/Cocos/Project_Y
2020-04-25T19:25:25.175Z - success: adapters loaded
2020-04-25T19:25:25.181Z - success: asset-db-debugger loaded
2020-04-25T19:25:25.261Z - success: fb-audience-network loaded
2020-04-25T19:25:25.287Z - success: fb-live-stream loaded
2020-04-25T19:25:25.289Z - success: google-play-instant loaded
2020-04-25T19:25:25.293Z - success: huawei-runtime loaded
2020-04-25T19:25:25.295Z - success: jkw-adapter loaded
2020-04-25T19:25:25.296Z - success: jsb-adapter loaded
2020-04-25T19:25:25.300Z - success: oppo-runtime loaded
2020-04-25T19:25:25.304Z - success: package-manager loaded
2020-04-25T19:25:25.305Z - success: qtt-adapter loaded
2020-04-25T19:25:25.307Z - success: runtime-dev-tools loaded
2020-04-25T19:25:25.314Z - success: sdkbox loaded
2020-04-25T19:25:25.318Z - success: ui-kit-preview-extra loaded
2020-04-25T19:25:25.321Z - success: ui-kit-preview loaded
2020-04-25T19:25:25.326Z - success: vivo-runtime loaded
2020-04-25T19:25:25.328Z - success: alipay-minigame loaded
2020-04-25T19:25:25.384Z - success: assets loaded
2020-04-25T19:25:25.386Z - success: baidugame-opendata loaded
2020-04-25T19:25:25.388Z - success: baidugame loaded
2020-04-25T19:25:25.392Z - success: builder loaded
2020-04-25T19:25:25.524Z - success: cocos-services loaded
2020-04-25T19:25:25.531Z - success: console loaded
2020-04-25T19:25:25.545Z - success: fb-instant-games loaded
2020-04-25T19:25:25.553Z - success: game-window loaded
2020-04-25T19:25:25.556Z - success: google-instant-games loaded
2020-04-25T19:25:25.569Z - success: hierarchy loaded
2020-04-25T19:25:25.573Z - success: inspector loaded
2020-04-25T19:25:25.865Z - success: cpk-publish loaded
2020-04-25T19:25:25.866Z - success: keystore loaded
2020-04-25T19:25:25.873Z - success: node-library loaded
2020-04-25T19:25:25.874Z - success: open-recent-items loaded
2020-04-25T19:25:25.876Z - success: package-asset loaded
2020-04-25T19:25:25.877Z - success: preferences loaded
2020-04-25T19:25:25.881Z - success: project-exporter loaded
2020-04-25T19:25:25.885Z - success: project-importer loaded
2020-04-25T19:25:25.888Z - success: project-settings loaded
2020-04-25T19:25:25.902Z - success: qtt-runtime loaded
2020-04-25T19:25:25.906Z - success: scene loaded
2020-04-25T19:25:25.908Z - success: simulator-debugger loaded
2020-04-25T19:25:25.909Z - success: sprite-editor loaded
2020-04-25T19:25:25.913Z - success: store loaded
2020-04-25T19:25:25.917Z - success: timeline loaded
2020-04-25T19:25:25.920Z - success: wechatgame-opendata loaded
2020-04-25T19:25:25.924Z - success: wechatgame loaded
2020-04-25T19:25:25.929Z - success: xiaomi-runtime loaded
2020-04-25T19:25:26.778Z - info: Cocos Service load base data!
2020-04-25T19:25:26.882Z - normal: Initializing Cocos2d
2020-04-25T19:25:27.258Z - normal: Initializing engine extends
2020-04-25T19:25:28.353Z - normal: Loading packages
2020-04-25T19:25:28.379Z - normal: Watching packages
2020-04-25T19:25:28.443Z - normal: Run Application
2020-04-25T19:25:43.341Z - normal: Simulator: WORKAREA WIDTH 1396.00, HEIGHT 855.00
2020-04-25T19:25:43.341Z - normal: Simulator: FRAME SCALE = 0.25
2020-04-25T19:25:43.448Z - normal: Simulator: GLFWError #65544 Happen, Cocoa: Failed to retrieve display name
2020-04-25T19:25:43.449Z - normal: Simulator: 
2020-04-25T19:25:43.449Z - normal: Simulator: {
2020-04-25T19:25:43.493Z - normal: Simulator: 	gl.supports_float_texture: true
2020-04-25T19:25:43.493Z - normal: Simulator: 	gl.supports_ATITC: false
2020-04-25T19:25:43.493Z - normal: Simulator: 	gl.supports_discard_framebuffer: false
2020-04-25T19:25:43.493Z - normal: Simulator: 	gl.supports_NPOT: true
2020-04-25T19:25:43.494Z - normal: Simulator: 	gl.supports_ETC2: false
2020-04-25T19:25:43.494Z - normal: Simulator: 	build_type: DEBUG
2020-04-25T19:25:43.494Z - normal: Simulator: 	gl.vendor: NVIDIA Corporation
2020-04-25T19:25:43.494Z - normal: Simulator: 	gl.renderer: NVIDIA GeForce GT 750M OpenGL Engine
2020-04-25T19:25:43.495Z - normal: Simulator: 	gl.supports_PVRTC: false
2020-04-25T19:25:43.495Z - normal: Simulator: 	gl.supports_ETC1: false
2020-04-25T19:25:43.495Z - normal: Simulator: 	gl.supports_BGRA8888: false
2020-04-25T19:25:43.495Z - normal: Simulator: 	gl.max_texture_size: 16384
2020-04-25T19:25:43.495Z - normal: Simulator: 	gl.max_texture_units: 16
2020-04-25T19:25:43.496Z - normal: Simulator: 	gl.supports_OES_packed_depth_stencil: false
2020-04-25T19:25:43.496Z - normal: Simulator: 	compiled_with_gl_state_cache: true
2020-04-25T19:25:43.496Z - normal: Simulator: 	gl.supports_OES_map_buffer: false
2020-04-25T19:25:43.496Z - normal: Simulator: 	gl.supports_vertex_array_object: true
2020-04-25T19:25:43.497Z - normal: Simulator: 	gl.supports_S3TC: true
2020-04-25T19:25:43.497Z - normal: Simulator: 	gl.version: 2.1 NVIDIA-14.0.32 355.11.11.10.10.143
2020-04-25T19:25:43.497Z - normal: Simulator: 	compiled_with_profiler: false
2020-04-25T19:25:43.498Z - normal: Simulator: 	gl.supports_OES_depth24: false
2020-04-25T19:25:43.498Z - normal: Simulator: }
2020-04-25T19:25:43.518Z - normal: Simulator: Project Config:
2020-04-25T19:25:43.518Z - normal: Simulator:     project dir: /Applications/CocosCreator.app/Contents/Resources/cocos2d-x/simulator/mac/Simulator.app/Contents/Resources/
2020-04-25T19:25:43.519Z - normal: Simulator:     writable path: $(PROJDIR)/
2020-04-25T19:25:43.519Z - normal: Simulator:     script file: $(PROJDIR)/main.js
2020-04-25T19:25:43.519Z - normal: Simulator:     frame size: 1080 x 1920
2020-04-25T19:25:43.519Z - normal: Simulator:     frame scale: 0.25
2020-04-25T19:25:43.520Z - normal: Simulator:     show console: NO
2020-04-25T19:25:43.520Z - normal: Simulator:     write debug log: NO ()
2020-04-25T19:25:43.520Z - normal: Simulator:     listen: 
2020-04-25T19:25:43.521Z - normal: Simulator:     debugger: none
2020-04-25T19:25:43.521Z - normal: Simulator:     add searching path:
2020-04-25T19:25:43.521Z - normal: Simulator: 
2020-04-25T19:25:43.521Z - normal: Simulator: 
2020-04-25T19:25:43.522Z - normal: Simulator: 
2020-04-25T19:25:43.522Z - normal: Simulator: resetDesignResolution request
2020-04-25T19:25:43.522Z - normal: Simulator: ------------------------------------------------
2020-04-25T19:25:43.522Z - normal: Simulator: LOAD Js FILE: jsb-adapter/jsb-builtin.js
2020-04-25T19:25:43.522Z - normal: Simulator: ------------------------------------------------
2020-04-25T19:25:43.523Z - normal: Simulator: Initializing V8, version: 7.5.288.22
2020-04-25T19:25:43.523Z - normal: Simulator: libuv version: 1.23.1-dev
2020-04-25T19:25:43.523Z - normal: Simulator: Debugger listening..., visit [ chrome-devtools://devtools/bundled/inspector.html?v8only=true&ws=0.0.0.0:5086/00010002-0003-4004-8005-000600070008 ] in chrome browser to debug!
2020-04-25T19:25:43.523Z - normal: Simulator: For help see https://nodejs.org/en/docs/inspector
2020-04-25T19:25:43.527Z - normal: Simulator: JS: Enable batch GL commands optimization!
2020-04-25T19:25:43.528Z - normal: Simulator: resetDesignResolution request
2020-04-25T19:25:43.528Z - normal: Simulator: ------------------------------------------------
2020-04-25T19:25:43.528Z - normal: Simulator: LOAD Js FILE: main.js
2020-04-25T19:25:43.528Z - normal: Simulator: ------------------------------------------------
2020-04-25T19:25:43.767Z - normal: Simulator: iShow!
2020-04-25T19:25:43.936Z - normal: Simulator: D/renderer (616): Device caps: maxVextexTextures: 16, maxFragUniforms: 1024, maxTextureUints: 16, maxVertexAttributes: 16, maxDrawBuffers: 8, maxColorAttatchments: 8
2020-04-25T19:25:43.936Z - normal: Simulator: JS: Cocos Creator v2.2.2
2020-04-25T19:25:44.050Z - normal: Simulator: In the constructor of HttpClient!
2020-04-25T19:25:44.308Z - normal: Simulator: JS: now player data is {"id":100000001,"name":"newPlayer","physicalPower":63,"maxPhysicalPower":100,"heart":146,"maxHeart":100,"currentSection":3,"currentLevel":11,"physicalPowerCostedFlag":0,"lastInteractTime":1587842744.2731233,"initAdWatchedFlag":0,"adSystemEnabledFlag":0,"signInStatus":2,"signInRefreshDelta":5655.726876735687,"mails":{"1001":{"status":1,"tag":"mainLine","timeStamp":1587647495.955734,"selectedOptionIndex":"0"},"1002":{"status":1,"tag":"mainLine","timeStamp":1587724285.5457277,"selectedOptionIndex":-1},"1003":{"status":1,"tag":"mainLine","timeStamp":1587812973.3852937,"selectedOptionIndex":-1},"1101":{"status":1,"tag":"branchLine1","timeStamp":1587724260.90861,"selectedOptionIndex":-1}},"mailConditionIndex":{"mainLine":-1,"branchLine1":-1},"minSteps":{"minStep_level_1":4,"minStep_level_2":12,"minStep_level_3":8,"minStep_level_4":6,"minStep_level_5":5,"minStep_level_6":10,"minStep_level_7":5,"minStep_level_8":10,"minStep_level_9":6,"minStep_level_10":6},"preLevel":10}
2020-04-25T19:25:46.418Z - normal: Simulator: JS: LoadScene 27151247-0860-4d25-be0a-156031b93f98: 26.214000000000397ms
2020-04-25T19:25:47.047Z - normal: Simulator: I/AudioEngine-inl.mm (358): OpenAL was initialized successfully!
2020-04-25T19:25:47.047Z - normal: Simulator: XMLHttpRequest_finalize, 0x7fef28593550 ... 
2020-04-25T19:25:47.047Z - normal: Simulator: XMLHttpRequest_finalize, 0x7fef286f1b30 ... 
2020-04-25T19:26:09.957Z - normal: Simulator: ScriptEngine::cleanup begin ...
2020-04-25T19:26:09.958Z - normal: Simulator: GC begin ..., (js->native map) size: 414, all objects: 822
2020-04-25T19:26:09.981Z - normal: Simulator: GC end ..., (js->native map) size: 363, all objects: 722
2020-04-25T19:26:09.981Z - normal: Simulator: GC begin ..., (js->native map) size: 363, all objects: 722
2020-04-25T19:26:09.998Z - normal: Simulator: GC end ..., (js->native map) size: 363, all objects: 722
2020-04-25T19:26:10.002Z - normal: Simulator: GC begin ..., (js->native map) size: 0, all objects: 0
2020-04-25T19:26:10.020Z - normal: Simulator: GC end ..., (js->native map) size: 0, all objects: 0
2020-04-25T19:26:10.021Z - normal: Simulator: ScriptEngine::cleanup end ...
2020-04-25T19:26:10.071Z - normal: Simulator: V/AudioPlayer (315): Exit rotate buffer thread ...
2020-04-25T19:27:04.149Z - normal: Simulator: WORKAREA WIDTH 1396.00, HEIGHT 855.00
2020-04-25T19:27:04.150Z - normal: Simulator: FRAME SCALE = 0.25
2020-04-25T19:27:04.356Z - normal: Simulator: GLFWError #65544 Happen, Cocoa: Failed to retrieve display name
2020-04-25T19:27:04.356Z - normal: Simulator: 
2020-04-25T19:27:04.357Z - normal: Simulator: {
2020-04-25T19:27:04.357Z - normal: Simulator: 	gl.supports_float_texture: true
2020-04-25T19:27:04.357Z - normal: Simulator: 	gl.supports_ATITC: false
2020-04-25T19:27:04.357Z - normal: Simulator: 	gl.supports_discard_framebuffer: false
2020-04-25T19:27:04.358Z - normal: Simulator: 	gl.supports_NPOT: true
2020-04-25T19:27:04.358Z - normal: Simulator: 	gl.supports_ETC2: false
2020-04-25T19:27:04.358Z - normal: Simulator: 	build_type: DEBUG
2020-04-25T19:27:04.358Z - normal: Simulator: 	gl.vendor: NVIDIA Corporation
2020-04-25T19:27:04.359Z - normal: Simulator: 	gl.renderer: NVIDIA GeForce GT 750M OpenGL Engine
2020-04-25T19:27:04.359Z - normal: Simulator: 	gl.supports_PVRTC: false
2020-04-25T19:27:04.359Z - normal: Simulator: 	gl.supports_ETC1: false
2020-04-25T19:27:04.359Z - normal: Simulator: 	gl.supports_BGRA8888: false
2020-04-25T19:27:04.360Z - normal: Simulator: 	gl.max_texture_size: 16384
2020-04-25T19:27:04.360Z - normal: Simulator: 	gl.max_texture_units: 16
2020-04-25T19:27:04.360Z - normal: Simulator: 	gl.supports_OES_packed_depth_stencil: false
2020-04-25T19:27:04.360Z - normal: Simulator: 	compiled_with_gl_state_cache: true
2020-04-25T19:27:04.361Z - normal: Simulator: 	gl.supports_OES_map_buffer: false
2020-04-25T19:27:04.361Z - normal: Simulator: 	gl.supports_vertex_array_object: true
2020-04-25T19:27:04.362Z - normal: Simulator: 	gl.supports_S3TC: true
2020-04-25T19:27:04.362Z - normal: Simulator: 	gl.version: 2.1 NVIDIA-14.0.32 355.11.11.10.10.143
2020-04-25T19:27:04.362Z - normal: Simulator: 	compiled_with_profiler: false
2020-04-25T19:27:04.362Z - normal: Simulator: 	gl.supports_OES_depth24: false
2020-04-25T19:27:04.363Z - normal: Simulator: }
2020-04-25T19:27:04.371Z - normal: Simulator: Project Config:
2020-04-25T19:27:04.372Z - normal: Simulator:     project dir: /Applications/CocosCreator.app/Contents/Resources/cocos2d-x/simulator/mac/Simulator.app/Contents/Resources/
2020-04-25T19:27:04.372Z - normal: Simulator:     writable path: $(PROJDIR)/
2020-04-25T19:27:04.373Z - normal: Simulator:     script file: $(PROJDIR)/main.js
2020-04-25T19:27:04.373Z - normal: Simulator:     frame size: 1080 x 1920
2020-04-25T19:27:04.373Z - normal: Simulator:     frame scale: 0.25
2020-04-25T19:27:04.374Z - normal: Simulator:     show console: NO
2020-04-25T19:27:04.374Z - normal: Simulator:     write debug log: NO ()
2020-04-25T19:27:04.374Z - normal: Simulator:     listen: 
2020-04-25T19:27:04.374Z - normal: Simulator:     debugger: none
2020-04-25T19:27:04.375Z - normal: Simulator:     add searching path:
2020-04-25T19:27:04.375Z - normal: Simulator: 
2020-04-25T19:27:04.375Z - normal: Simulator: 
2020-04-25T19:27:04.375Z - normal: Simulator: 
2020-04-25T19:27:04.376Z - normal: Simulator: resetDesignResolution request
2020-04-25T19:27:04.376Z - normal: Simulator: ------------------------------------------------
2020-04-25T19:27:04.376Z - normal: Simulator: LOAD Js FILE: jsb-adapter/jsb-builtin.js
2020-04-25T19:27:04.376Z - normal: Simulator: ------------------------------------------------
2020-04-25T19:27:04.377Z - normal: Simulator: Initializing V8, version: 7.5.288.22
2020-04-25T19:27:04.377Z - normal: Simulator: libuv version: 1.23.1-dev
2020-04-25T19:27:04.378Z - normal: Simulator: Debugger listening..., visit [ chrome-devtools://devtools/bundled/inspector.html?v8only=true&ws=0.0.0.0:5086/00010002-0003-4004-8005-000600070008 ] in chrome browser to debug!
2020-04-25T19:27:04.378Z - normal: Simulator: For help see https://nodejs.org/en/docs/inspector
2020-04-25T19:27:04.378Z - normal: Simulator: JS: Enable batch GL commands optimization!
2020-04-25T19:27:04.378Z - normal: Simulator: resetDesignResolution request
2020-04-25T19:27:04.379Z - normal: Simulator: ------------------------------------------------
2020-04-25T19:27:04.379Z - normal: Simulator: LOAD Js FILE: main.js
2020-04-25T19:27:04.379Z - normal: Simulator: ------------------------------------------------
2020-04-25T19:27:04.607Z - normal: Simulator: iShow!
2020-04-25T19:27:04.772Z - normal: Simulator: D/renderer (616): Device caps: maxVextexTextures: 16, maxFragUniforms: 1024, maxTextureUints: 16, maxVertexAttributes: 16, maxDrawBuffers: 8, maxColorAttatchments: 8
2020-04-25T19:27:04.772Z - normal: Simulator: JS: Cocos Creator v2.2.2
2020-04-25T19:27:04.881Z - normal: Simulator: In the constructor of HttpClient!
2020-04-25T19:27:05.147Z - normal: Simulator: JS: now player data is {"id":100000001,"name":"newPlayer","physicalPower":63,"maxPhysicalPower":100,"heart":146,"maxHeart":100,"currentSection":3,"currentLevel":11,"physicalPowerCostedFlag":0,"lastInteractTime":1587842825.1141007,"initAdWatchedFlag":0,"adSystemEnabledFlag":0,"signInStatus":2,"signInRefreshDelta":5574.885899305344,"mails":{"1001":{"status":1,"tag":"mainLine","timeStamp":1587647495.955734,"selectedOptionIndex":"0"},"1002":{"status":1,"tag":"mainLine","timeStamp":1587724285.5457277,"selectedOptionIndex":-1},"1003":{"status":1,"tag":"mainLine","timeStamp":1587812973.3852937,"selectedOptionIndex":-1},"1101":{"status":1,"tag":"branchLine1","timeStamp":1587724260.90861,"selectedOptionIndex":-1}},"mailConditionIndex":{"mainLine":-1,"branchLine1":-1},"minSteps":{"minStep_level_1":4,"minStep_level_2":12,"minStep_level_3":8,"minStep_level_4":6,"minStep_level_5":5,"minStep_level_6":10,"minStep_level_7":5,"minStep_level_8":10,"minStep_level_9":6,"minStep_level_10":6},"preLevel":10}
2020-04-25T19:27:20.770Z - normal: Simulator: ScriptEngine::cleanup begin ...
2020-04-25T19:27:20.770Z - normal: Simulator: GC begin ..., (js->native map) size: 115, all objects: 342
2020-04-25T19:27:20.787Z - normal: Simulator: XMLHttpRequest_finalize, 0x7ff9a2cb8fa0 ... 
2020-04-25T19:27:20.788Z - normal: Simulator: XMLHttpRequest_finalize, 0x7ff9a8119be0 ... 
2020-04-25T19:27:20.801Z - normal: Simulator: GC end ..., (js->native map) size: 73, all objects: 302
2020-04-25T19:27:20.802Z - normal: Simulator: GC begin ..., (js->native map) size: 73, all objects: 300
2020-04-25T19:27:20.821Z - normal: Simulator: GC end ..., (js->native map) size: 73, all objects: 300
2020-04-25T19:27:20.822Z - normal: Simulator: GC begin ..., (js->native map) size: 0, all objects: 0
2020-04-25T19:27:20.852Z - normal: Simulator: GC end ..., (js->native map) size: 0, all objects: 0
2020-04-25T19:27:20.855Z - normal: Simulator: ScriptEngine::cleanup end ...
2020-04-25T19:33:16.987Z - normal: Simulator: WORKAREA WIDTH 1396.00, HEIGHT 855.00
2020-04-25T19:33:16.987Z - normal: Simulator: FRAME SCALE = 0.25
2020-04-25T19:33:17.130Z - normal: Simulator: GLFWError #65544 Happen, Cocoa: Failed to retrieve display name
2020-04-25T19:33:17.130Z - normal: Simulator: 
2020-04-25T19:33:17.131Z - normal: Simulator: {
2020-04-25T19:33:17.131Z - normal: Simulator: 	gl.supports_float_texture: true
2020-04-25T19:33:17.131Z - normal: Simulator: 	gl.supports_ATITC: false
2020-04-25T19:33:17.131Z - normal: Simulator: 	gl.supports_discard_framebuffer: false
2020-04-25T19:33:17.131Z - normal: Simulator: 	gl.supports_NPOT: true
2020-04-25T19:33:17.131Z - normal: Simulator: 	gl.supports_ETC2: false
2020-04-25T19:33:17.132Z - normal: Simulator: 	build_type: DEBUG
2020-04-25T19:33:17.132Z - normal: Simulator: 	gl.vendor: NVIDIA Corporation
2020-04-25T19:33:17.132Z - normal: Simulator: 	gl.renderer: NVIDIA GeForce GT 750M OpenGL Engine
2020-04-25T19:33:17.132Z - normal: Simulator: 	gl.supports_PVRTC: false
2020-04-25T19:33:17.132Z - normal: Simulator: 	gl.supports_ETC1: false
2020-04-25T19:33:17.133Z - normal: Simulator: 	gl.supports_BGRA8888: false
2020-04-25T19:33:17.133Z - normal: Simulator: 	gl.max_texture_size: 16384
2020-04-25T19:33:17.133Z - normal: Simulator: 	gl.max_texture_units: 16
2020-04-25T19:33:17.133Z - normal: Simulator: 	gl.supports_OES_packed_depth_stencil: false
2020-04-25T19:33:17.133Z - normal: Simulator: 	compiled_with_gl_state_cache: true
2020-04-25T19:33:17.133Z - normal: Simulator: 	gl.supports_OES_map_buffer: false
2020-04-25T19:33:17.134Z - normal: Simulator: 	gl.supports_vertex_array_object: true
2020-04-25T19:33:17.134Z - normal: Simulator: 	gl.supports_S3TC: true
2020-04-25T19:33:17.134Z - normal: Simulator: 	gl.version: 2.1 NVIDIA-14.0.32 355.11.11.10.10.143
2020-04-25T19:33:17.134Z - normal: Simulator: 	compiled_with_profiler: false
2020-04-25T19:33:17.134Z - normal: Simulator: 	gl.supports_OES_depth24: false
2020-04-25T19:33:17.134Z - normal: Simulator: }
2020-04-25T19:33:17.189Z - normal: Simulator: Project Config:
2020-04-25T19:33:17.189Z - normal: Simulator:     project dir: /Applications/CocosCreator.app/Contents/Resources/cocos2d-x/simulator/mac/Simulator.app/Contents/Resources/
2020-04-25T19:33:17.189Z - normal: Simulator:     writable path: $(PROJDIR)/
2020-04-25T19:33:17.190Z - normal: Simulator:     script file: $(PROJDIR)/main.js
2020-04-25T19:33:17.191Z - normal: Simulator:     frame size: 1080 x 1920
2020-04-25T19:33:17.191Z - normal: Simulator:     frame scale: 0.25
2020-04-25T19:33:17.191Z - normal: Simulator:     show console: NO
2020-04-25T19:33:17.192Z - normal: Simulator:     write debug log: NO ()
2020-04-25T19:33:17.192Z - normal: Simulator:     listen: 
2020-04-25T19:33:17.192Z - normal: Simulator:     debugger: none
2020-04-25T19:33:17.192Z - normal: Simulator:     add searching path:
2020-04-25T19:33:17.193Z - normal: Simulator: 
2020-04-25T19:33:17.193Z - normal: Simulator: 
2020-04-25T19:33:17.193Z - normal: Simulator: 
2020-04-25T19:33:17.193Z - normal: Simulator: resetDesignResolution request
2020-04-25T19:33:17.193Z - normal: Simulator: ------------------------------------------------
2020-04-25T19:33:17.194Z - normal: Simulator: LOAD Js FILE: jsb-adapter/jsb-builtin.js
2020-04-25T19:33:17.194Z - normal: Simulator: ------------------------------------------------
2020-04-25T19:33:17.194Z - normal: Simulator: Initializing V8, version: 7.5.288.22
2020-04-25T19:33:17.194Z - normal: Simulator: libuv version: 1.23.1-dev
2020-04-25T19:33:17.195Z - normal: Simulator: Debugger listening..., visit [ chrome-devtools://devtools/bundled/inspector.html?v8only=true&ws=0.0.0.0:5086/00010002-0003-4004-8005-000600070008 ] in chrome browser to debug!
2020-04-25T19:33:17.195Z - normal: Simulator: For help see https://nodejs.org/en/docs/inspector
2020-04-25T19:33:17.209Z - normal: Simulator: JS: Enable batch GL commands optimization!
2020-04-25T19:33:17.209Z - normal: Simulator: resetDesignResolution request
2020-04-25T19:33:17.210Z - normal: Simulator: ------------------------------------------------
2020-04-25T19:33:17.210Z - normal: Simulator: LOAD Js FILE: main.js
2020-04-25T19:33:17.211Z - normal: Simulator: ------------------------------------------------
2020-04-25T19:33:17.442Z - normal: Simulator: iShow!
2020-04-25T19:33:17.623Z - normal: Simulator: D/renderer (616): Device caps: maxVextexTextures: 16, maxFragUniforms: 1024, maxTextureUints: 16, maxVertexAttributes: 16, maxDrawBuffers: 8, maxColorAttatchments: 8
2020-04-25T19:33:17.623Z - normal: Simulator: JS: Cocos Creator v2.2.2
2020-04-25T19:33:17.753Z - normal: Simulator: In the constructor of HttpClient!
2020-04-25T19:33:17.754Z - normal: Simulator: JS: NO STORY ID PROVIDED
2020-04-25T19:33:18.018Z - normal: Simulator: JS: now player data is {"id":100000001,"name":"newPlayer","physicalPower":63,"maxPhysicalPower":100,"heart":146,"maxHeart":100,"currentSection":3,"currentLevel":11,"physicalPowerCostedFlag":0,"lastInteractTime":1587843197.985932,"initAdWatchedFlag":0,"adSystemEnabledFlag":0,"signInStatus":2,"signInRefreshDelta":5202.01406788826,"mails":{"1001":{"status":1,"tag":"mainLine","timeStamp":1587647495.955734,"selectedOptionIndex":"0"},"1002":{"status":1,"tag":"mainLine","timeStamp":1587724285.5457277,"selectedOptionIndex":-1},"1003":{"status":1,"tag":"mainLine","timeStamp":1587812973.3852937,"selectedOptionIndex":-1},"1101":{"status":1,"tag":"branchLine1","timeStamp":1587724260.90861,"selectedOptionIndex":-1}},"mailConditionIndex":{"mainLine":-1,"branchLine1":-1},"minSteps":{"minStep_level_1":4,"minStep_level_2":12,"minStep_level_3":8,"minStep_level_4":6,"minStep_level_5":5,"minStep_level_6":10,"minStep_level_7":5,"minStep_level_8":10,"minStep_level_9":6,"minStep_level_10":6},"preLevel":10}
2020-04-25T19:33:20.122Z - normal: Simulator: JS: LoadScene 27151247-0860-4d25-be0a-156031b93f98: 26.532000000000153ms
2020-04-25T19:33:21.716Z - normal: Simulator: I/AudioEngine-inl.mm (358): OpenAL was initialized successfully!
2020-04-25T19:33:21.716Z - normal: Simulator: XMLHttpRequest_finalize, 0x7f81cb5ee4e0 ... 
2020-04-25T19:33:21.717Z - normal: Simulator: XMLHttpRequest_finalize, 0x7f81cb4bfdb0 ... 
2020-04-25T19:33:46.697Z - normal: Simulator: ScriptEngine::cleanup begin ...
2020-04-25T19:33:46.698Z - normal: Simulator: GC begin ..., (js->native map) size: 414, all objects: 822
2020-04-25T19:33:46.722Z - normal: Simulator: GC end ..., (js->native map) size: 363, all objects: 722
2020-04-25T19:33:46.723Z - normal: Simulator: GC begin ..., (js->native map) size: 363, all objects: 722
2020-04-25T19:33:46.739Z - normal: Simulator: GC end ..., (js->native map) size: 363, all objects: 722
2020-04-25T19:33:46.741Z - normal: Simulator: GC begin ..., (js->native map) size: 0, all objects: 0
2020-04-25T19:33:46.767Z - normal: Simulator: GC end ..., (js->native map) size: 0, all objects: 0
2020-04-25T19:33:46.768Z - normal: Simulator: ScriptEngine::cleanup end ...
2020-04-25T19:33:46.820Z - normal: Simulator: V/AudioPlayer (315): Exit rotate buffer thread ...
2020-04-25T19:36:17.913Z - normal: Simulator: WORKAREA WIDTH 1396.00, HEIGHT 855.00
2020-04-25T19:36:17.913Z - normal: Simulator: FRAME SCALE = 0.25
2020-04-25T19:36:18.158Z - normal: Simulator: GLFWError #65544 Happen, Cocoa: Failed to retrieve display name
2020-04-25T19:36:18.158Z - normal: Simulator: 
2020-04-25T19:36:18.158Z - normal: Simulator: {
2020-04-25T19:36:18.158Z - normal: Simulator: 	gl.supports_float_texture: true
2020-04-25T19:36:18.159Z - normal: Simulator: 	gl.supports_ATITC: false
2020-04-25T19:36:18.159Z - normal: Simulator: 	gl.supports_discard_framebuffer: false
2020-04-25T19:36:18.159Z - normal: Simulator: 	gl.supports_NPOT: true
2020-04-25T19:36:18.159Z - normal: Simulator: 	gl.supports_ETC2: false
2020-04-25T19:36:18.159Z - normal: Simulator: 	build_type: DEBUG
2020-04-25T19:36:18.160Z - normal: Simulator: 	gl.vendor: NVIDIA Corporation
2020-04-25T19:36:18.160Z - normal: Simulator: 	gl.renderer: NVIDIA GeForce GT 750M OpenGL Engine
2020-04-25T19:36:18.160Z - normal: Simulator: 	gl.supports_PVRTC: false
2020-04-25T19:36:18.160Z - normal: Simulator: 	gl.supports_ETC1: false
2020-04-25T19:36:18.160Z - normal: Simulator: 	gl.supports_BGRA8888: false
2020-04-25T19:36:18.161Z - normal: Simulator: 	gl.max_texture_size: 16384
2020-04-25T19:36:18.161Z - normal: Simulator: 	gl.max_texture_units: 16
2020-04-25T19:36:18.161Z - normal: Simulator: 	gl.supports_OES_packed_depth_stencil: false
2020-04-25T19:36:18.161Z - normal: Simulator: 	compiled_with_gl_state_cache: true
2020-04-25T19:36:18.162Z - normal: Simulator: 	gl.supports_OES_map_buffer: false
2020-04-25T19:36:18.162Z - normal: Simulator: 	gl.supports_vertex_array_object: true
2020-04-25T19:36:18.162Z - normal: Simulator: 	gl.supports_S3TC: true
2020-04-25T19:36:18.162Z - normal: Simulator: 	gl.version: 2.1 NVIDIA-14.0.32 355.11.11.10.10.143
2020-04-25T19:36:18.162Z - normal: Simulator: 	compiled_with_profiler: false
2020-04-25T19:36:18.163Z - normal: Simulator: 	gl.supports_OES_depth24: false
2020-04-25T19:36:18.163Z - normal: Simulator: }
2020-04-25T19:36:18.177Z - normal: Simulator: Project Config:
2020-04-25T19:36:18.178Z - normal: Simulator:     project dir: /Applications/CocosCreator.app/Contents/Resources/cocos2d-x/simulator/mac/Simulator.app/Contents/Resources/
2020-04-25T19:36:18.178Z - normal: Simulator:     writable path: $(PROJDIR)/
2020-04-25T19:36:18.179Z - normal: Simulator:     script file: $(PROJDIR)/main.js
2020-04-25T19:36:18.180Z - normal: Simulator:     frame size: 1080 x 1920
2020-04-25T19:36:18.180Z - normal: Simulator:     frame scale: 0.25
2020-04-25T19:36:18.181Z - normal: Simulator:     show console: NO
2020-04-25T19:36:18.181Z - normal: Simulator:     write debug log: NO ()
2020-04-25T19:36:18.181Z - normal: Simulator:     listen: 
2020-04-25T19:36:18.181Z - normal: Simulator:     debugger: none
2020-04-25T19:36:18.182Z - normal: Simulator:     add searching path:
2020-04-25T19:36:18.182Z - normal: Simulator: 
2020-04-25T19:36:18.182Z - normal: Simulator: 
2020-04-25T19:36:18.182Z - normal: Simulator: 
2020-04-25T19:36:18.183Z - normal: Simulator: resetDesignResolution request
2020-04-25T19:36:18.183Z - normal: Simulator: ------------------------------------------------
2020-04-25T19:36:18.183Z - normal: Simulator: LOAD Js FILE: jsb-adapter/jsb-builtin.js
2020-04-25T19:36:18.183Z - normal: Simulator: ------------------------------------------------
2020-04-25T19:36:18.183Z - normal: Simulator: Initializing V8, version: 7.5.288.22
2020-04-25T19:36:18.184Z - normal: Simulator: libuv version: 1.23.1-dev
2020-04-25T19:36:18.185Z - normal: Simulator: Debugger listening..., visit [ chrome-devtools://devtools/bundled/inspector.html?v8only=true&ws=0.0.0.0:5086/00010002-0003-4004-8005-000600070008 ] in chrome browser to debug!
2020-04-25T19:36:18.185Z - normal: Simulator: For help see https://nodejs.org/en/docs/inspector
2020-04-25T19:36:18.185Z - normal: Simulator: JS: Enable batch GL commands optimization!
2020-04-25T19:36:18.185Z - normal: Simulator: resetDesignResolution request
2020-04-25T19:36:18.186Z - normal: Simulator: ------------------------------------------------
2020-04-25T19:36:18.186Z - normal: Simulator: LOAD Js FILE: main.js
2020-04-25T19:36:18.186Z - normal: Simulator: ------------------------------------------------
2020-04-25T19:36:18.419Z - normal: Simulator: iShow!
2020-04-25T19:36:18.643Z - normal: Simulator: D/renderer (616): Device caps: maxVextexTextures: 16, maxFragUniforms: 1024, maxTextureUints: 16, maxVertexAttributes: 16, maxDrawBuffers: 8, maxColorAttatchments: 8
2020-04-25T19:36:18.643Z - normal: Simulator: JS: Cocos Creator v2.2.2
2020-04-25T19:36:18.793Z - normal: Simulator: In the constructor of HttpClient!
2020-04-25T19:36:18.793Z - normal: Simulator: JS: NO STORY ID PROVIDED
2020-04-25T19:36:19.037Z - normal: Simulator: JS: now player data is {"id":100000001,"name":"newPlayer","physicalPower":63,"maxPhysicalPower":100,"heart":146,"maxHeart":100,"currentSection":3,"currentLevel":11,"physicalPowerCostedFlag":0,"lastInteractTime":1587843379.0076222,"initAdWatchedFlag":0,"adSystemEnabledFlag":0,"signInStatus":2,"signInRefreshDelta":5020.992377758026,"mails":{"1001":{"status":1,"tag":"mainLine","timeStamp":1587647495.955734,"selectedOptionIndex":"0"},"1002":{"status":1,"tag":"mainLine","timeStamp":1587724285.5457277,"selectedOptionIndex":-1},"1003":{"status":1,"tag":"mainLine","timeStamp":1587812973.3852937,"selectedOptionIndex":-1},"1101":{"status":1,"tag":"branchLine1","timeStamp":1587724260.90861,"selectedOptionIndex":-1}},"mailConditionIndex":{"mainLine":-1,"branchLine1":-1},"minSteps":{"minStep_level_1":4,"minStep_level_2":12,"minStep_level_3":8,"minStep_level_4":6,"minStep_level_5":5,"minStep_level_6":10,"minStep_level_7":5,"minStep_level_8":10,"minStep_level_9":6,"minStep_level_10":6},"preLevel":10}
2020-04-25T19:36:21.154Z - normal: Simulator: JS: LoadScene 27151247-0860-4d25-be0a-156031b93f98: 26.271000000000186ms
2020-04-25T19:36:22.805Z - normal: Simulator: I/AudioEngine-inl.mm (358): OpenAL was initialized successfully!
2020-04-25T19:36:22.805Z - normal: Simulator: XMLHttpRequest_finalize, 0x7f9da779c2f0 ... 
2020-04-25T19:36:22.805Z - normal: Simulator: XMLHttpRequest_finalize, 0x7f9da76edad0 ... 
2020-04-25T19:36:31.337Z - normal: Simulator: ScriptEngine::cleanup begin ...
2020-04-25T19:36:31.338Z - normal: Simulator: GC begin ..., (js->native map) size: 415, all objects: 823
2020-04-25T19:36:31.360Z - normal: Simulator: GC end ..., (js->native map) size: 363, all objects: 722
2020-04-25T19:36:31.360Z - normal: Simulator: GC begin ..., (js->native map) size: 363, all objects: 722
2020-04-25T19:36:31.378Z - normal: Simulator: GC end ..., (js->native map) size: 363, all objects: 722
2020-04-25T19:36:31.380Z - normal: Simulator: GC begin ..., (js->native map) size: 0, all objects: 0
2020-04-25T19:36:31.401Z - normal: Simulator: GC end ..., (js->native map) size: 0, all objects: 0
2020-04-25T19:36:31.404Z - normal: Simulator: ScriptEngine::cleanup end ...
2020-04-25T19:36:31.456Z - normal: Simulator: V/AudioPlayer (315): Exit rotate buffer thread ...
2020-04-25T19:40:21.384Z - normal: Simulator: WORKAREA WIDTH 1396.00, HEIGHT 855.00
2020-04-25T19:40:21.385Z - normal: Simulator: FRAME SCALE = 0.25
2020-04-25T19:40:21.555Z - normal: Simulator: GLFWError #65544 Happen, Cocoa: Failed to retrieve display name
2020-04-25T19:40:21.555Z - normal: Simulator: 
2020-04-25T19:40:21.555Z - normal: Simulator: {
2020-04-25T19:40:21.555Z - normal: Simulator: 	gl.supports_float_texture: true
2020-04-25T19:40:21.556Z - normal: Simulator: 	gl.supports_ATITC: false
2020-04-25T19:40:21.556Z - normal: Simulator: 	gl.supports_discard_framebuffer: false
2020-04-25T19:40:21.556Z - normal: Simulator: 	gl.supports_NPOT: true
2020-04-25T19:40:21.556Z - normal: Simulator: 	gl.supports_ETC2: false
2020-04-25T19:40:21.557Z - normal: Simulator: 	build_type: DEBUG
2020-04-25T19:40:21.557Z - normal: Simulator: 	gl.vendor: NVIDIA Corporation
2020-04-25T19:40:21.557Z - normal: Simulator: 	gl.renderer: NVIDIA GeForce GT 750M OpenGL Engine
2020-04-25T19:40:21.558Z - normal: Simulator: 	gl.supports_PVRTC: false
2020-04-25T19:40:21.558Z - normal: Simulator: 	gl.supports_ETC1: false
2020-04-25T19:40:21.558Z - normal: Simulator: 	gl.supports_BGRA8888: false
2020-04-25T19:40:21.558Z - normal: Simulator: 	gl.max_texture_size: 16384
2020-04-25T19:40:21.558Z - normal: Simulator: 	gl.max_texture_units: 16
2020-04-25T19:40:21.559Z - normal: Simulator: 	gl.supports_OES_packed_depth_stencil: false
2020-04-25T19:40:21.559Z - normal: Simulator: 	compiled_with_gl_state_cache: true
2020-04-25T19:40:21.559Z - normal: Simulator: 	gl.supports_OES_map_buffer: false
2020-04-25T19:40:21.559Z - normal: Simulator: 	gl.supports_vertex_array_object: true
2020-04-25T19:40:21.559Z - normal: Simulator: 	gl.supports_S3TC: true
2020-04-25T19:40:21.559Z - normal: Simulator: 	gl.version: 2.1 NVIDIA-14.0.32 355.11.11.10.10.143
2020-04-25T19:40:21.559Z - normal: Simulator: 	compiled_with_profiler: false
2020-04-25T19:40:21.559Z - normal: Simulator: 	gl.supports_OES_depth24: false
2020-04-25T19:40:21.560Z - normal: Simulator: }
2020-04-25T19:40:21.562Z - normal: Simulator: Project Config:
2020-04-25T19:40:21.563Z - normal: Simulator:     project dir: /Applications/CocosCreator.app/Contents/Resources/cocos2d-x/simulator/mac/Simulator.app/Contents/Resources/
2020-04-25T19:40:21.563Z - normal: Simulator:     writable path: $(PROJDIR)/
2020-04-25T19:40:21.565Z - normal: Simulator:     script file: $(PROJDIR)/main.js
2020-04-25T19:40:21.565Z - normal: Simulator:     frame size: 1080 x 1920
2020-04-25T19:40:21.565Z - normal: Simulator:     frame scale: 0.25
2020-04-25T19:40:21.565Z - normal: Simulator:     show console: NO
2020-04-25T19:40:21.566Z - normal: Simulator:     write debug log: NO ()
2020-04-25T19:40:21.566Z - normal: Simulator:     listen: 
2020-04-25T19:40:21.566Z - normal: Simulator:     debugger: none
2020-04-25T19:40:21.566Z - normal: Simulator:     add searching path:
2020-04-25T19:40:21.587Z - normal: Simulator: 
2020-04-25T19:40:21.588Z - normal: Simulator: 
2020-04-25T19:40:21.588Z - normal: Simulator: 
2020-04-25T19:40:21.588Z - normal: Simulator: resetDesignResolution request
2020-04-25T19:40:21.589Z - normal: Simulator: ------------------------------------------------
2020-04-25T19:40:21.590Z - normal: Simulator: LOAD Js FILE: jsb-adapter/jsb-builtin.js
2020-04-25T19:40:21.590Z - normal: Simulator: ------------------------------------------------
2020-04-25T19:40:21.590Z - normal: Simulator: Initializing V8, version: 7.5.288.22
2020-04-25T19:40:21.591Z - normal: Simulator: libuv version: 1.23.1-dev
2020-04-25T19:40:21.592Z - normal: Simulator: Debugger listening..., visit [ chrome-devtools://devtools/bundled/inspector.html?v8only=true&ws=0.0.0.0:5086/00010002-0003-4004-8005-000600070008 ] in chrome browser to debug!
2020-04-25T19:40:21.592Z - normal: Simulator: For help see https://nodejs.org/en/docs/inspector
2020-04-25T19:40:21.593Z - normal: Simulator: JS: Enable batch GL commands optimization!
2020-04-25T19:40:21.593Z - normal: Simulator: resetDesignResolution request
2020-04-25T19:40:21.593Z - normal: Simulator: ------------------------------------------------
2020-04-25T19:40:21.594Z - normal: Simulator: LOAD Js FILE: main.js
2020-04-25T19:40:21.595Z - normal: Simulator: ------------------------------------------------
2020-04-25T19:40:21.832Z - normal: Simulator: iShow!
2020-04-25T19:40:22.001Z - normal: Simulator: D/renderer (616): Device caps: maxVextexTextures: 16, maxFragUniforms: 1024, maxTextureUints: 16, maxVertexAttributes: 16, maxDrawBuffers: 8, maxColorAttatchments: 8
2020-04-25T19:40:22.002Z - normal: Simulator: JS: Cocos Creator v2.2.2
2020-04-25T19:40:22.111Z - normal: Simulator: In the constructor of HttpClient!
2020-04-25T19:40:22.408Z - normal: Simulator: JS: now player data is {"id":100000001,"name":"newPlayer","physicalPower":63,"maxPhysicalPower":100,"heart":146,"maxHeart":100,"currentSection":3,"currentLevel":11,"physicalPowerCostedFlag":0,"lastInteractTime":1587843622.3807876,"initAdWatchedFlag":0,"adSystemEnabledFlag":0,"signInStatus":2,"signInRefreshDelta":4777.619212388992,"mails":{"1001":{"status":1,"tag":"mainLine","timeStamp":1587647495.955734,"selectedOptionIndex":"0"},"1002":{"status":1,"tag":"mainLine","timeStamp":1587724285.5457277,"selectedOptionIndex":-1},"1003":{"status":1,"tag":"mainLine","timeStamp":1587812973.3852937,"selectedOptionIndex":-1},"1101":{"status":1,"tag":"branchLine1","timeStamp":1587724260.90861,"selectedOptionIndex":-1}},"mailConditionIndex":{"mainLine":-1,"branchLine1":-1},"minSteps":{"minStep_level_1":4,"minStep_level_2":12,"minStep_level_3":8,"minStep_level_4":6,"minStep_level_5":5,"minStep_level_6":10,"minStep_level_7":5,"minStep_level_8":10,"minStep_level_9":6,"minStep_level_10":6},"preLevel":10}
2020-04-25T19:40:24.571Z - normal: Simulator: JS: LoadScene 27151247-0860-4d25-be0a-156031b93f98: 26.335999999999785ms
2020-04-25T19:40:26.110Z - normal: Simulator: I/AudioEngine-inl.mm (358): OpenAL was initialized successfully!
2020-04-25T19:40:26.111Z - normal: Simulator: XMLHttpRequest_finalize, 0x7f844f784270 ... 
2020-04-25T19:40:26.111Z - normal: Simulator: XMLHttpRequest_finalize, 0x7f84512befe0 ... 
2020-04-25T19:40:39.967Z - normal: Simulator: ScriptEngine::cleanup begin ...
2020-04-25T19:40:39.967Z - normal: Simulator: GC begin ..., (js->native map) size: 415, all objects: 823
2020-04-25T19:40:39.996Z - normal: Simulator: GC end ..., (js->native map) size: 363, all objects: 722
2020-04-25T19:40:39.996Z - normal: Simulator: GC begin ..., (js->native map) size: 363, all objects: 722
2020-04-25T19:40:40.016Z - normal: Simulator: GC end ..., (js->native map) size: 363, all objects: 722
2020-04-25T19:40:40.018Z - normal: Simulator: GC begin ..., (js->native map) size: 0, all objects: 0
2020-04-25T19:40:40.042Z - normal: Simulator: GC end ..., (js->native map) size: 0, all objects: 0
2020-04-25T19:40:40.045Z - normal: Simulator: ScriptEngine::cleanup end ...
2020-04-25T19:40:40.107Z - normal: Simulator: V/AudioPlayer (315): Exit rotate buffer thread ...
2020-04-25T19:43:59.568Z - info: shutdown preview server
